Received codeword: 0001200210110110101100100101101011001001100001011000002000000000011001000010001101000110101101100001100010111001000100110111010

Replace erasure with: 0
Syndrome: 72	17	93	34	34	59	124	68	84	68	61	118	97	121	
MU				SIGMA(X)								DISCREPANCY			DEGREE			DIFFERENCE
-0.50			0										0					0				-1
0.00			0										72					0				0
1.00			0	72									86					1				1
2.00			0	72	14								66					2				2
3.00			0	72	118	52							-1					3				3
4.00			0	72	118	52							-1					3				5
5.00			0	72	118	52							-1					3				7
6.00			0	72	118	52							-1					3				9
7.00			0	72	118	52							----				3				11

Replace erasure with: 1
Syndrome: 8	16	36	32	123	72	68	64	98	119	107	17	15	9	
MU				SIGMA(X)								DISCREPANCY			DEGREE			DIFFERENCE
-0.50			0										0					0				-1
0.00			0										8					0				0
1.00			0	8									52					1				1
2.00			0	8	44								63					2				2
3.00			0	8	95	19							1					3				3
4.00			0	8	64	126	109						-1					4				4
5.00			0	8	64	126	109						-1					4				6
6.00			0	8	64	126	109						-1					4				8
7.00			0	8	64	126	109						----				4				10

Est. Syndrome for "0": -1	-1	-1	-1	-1	-1	-1	-1	-1	-1	-1	-1	-1	-1	
Est. Syndrome for "1": -1	-1	-1	-1	-1	-1	-1	-1	-1	-1	-1	-1	-1	-1	
Est. codeword: 0001100010110110101100100101101011001001100001011000000000000000111001000010001101000110101101100001100010111000000100110111010


===============================================================================================================================
===============================================================================================================================



Received codeword: 0020120100000101000001111000111001000101101001110000000020000000100001111011011101000000100100011010111010000111010110101010101

Replace erasure with: 0
Syndrome: 112	97	80	67	112	33	124	7	91	97	16	66	48	121	
MU				SIGMA(X)								DISCREPANCY			DEGREE			DIFFERENCE
-0.50			0										0					0				-1
0.00			0										112					0				0
1.00			0	112									15					1				1
2.00			0	112	30								48					2				2
3.00			0	112	37	18							-1					3				3
4.00			0	112	37	18							-1					3				5
5.00			0	112	37	18							-1					3				7
6.00			0	112	37	18							-1					3				9
7.00			0	112	37	18							----				3				11

Replace erasure with: 1
Syndrome: 104	81	35	35	119	70	97	70	89	111	102	13	19	67	
MU				SIGMA(X)								DISCREPANCY			DEGREE			DIFFERENCE
-0.50			0										0					0				-1
0.00			0										104					0				0
1.00			0	104									24					1				1
2.00			0	104	47								54					2				2
3.00			0	104	99	7							84					3				3
4.00			0	104	47	-1	77						-1					4				4
5.00			0	104	47	-1	77						-1					4				6
6.00			0	104	47	-1	77						-1					4				8
7.00			0	104	47	-1	77						----				4				10

Est. Syndrome for "0": -1	-1	-1	-1	-1	-1	-1	-1	-1	-1	-1	-1	-1	-1	
Est. Syndrome for "1": -1	-1	-1	-1	-1	-1	-1	-1	-1	-1	-1	-1	-1	-1	
Est. codeword: 0010100100000101000001111000111001000001101001110000000000000000100001111011011101000000100100011010111010100111010110101010101


===============================================================================================================================
===============================================================================================================================



Received codeword: 1001110111010021101011120110110011100100111011010000000010000000011101000100101010001010100010101100010100110111001000100111010

Replace erasure with: 0
Syndrome: 83	39	121	78	118	115	39	29	73	109	17	103	14	78	
MU				SIGMA(X)								DISCREPANCY			DEGREE			DIFFERENCE
-0.50			0										0					0				-1
0.00			0										83					0				0
1.00			0	83									25					1				1
2.00			0	83	69								60					2				2
3.00			0	83	46	118							75					3				3
4.00			0	83	16	45	84						-1					4				4
5.00			0	83	16	45	84						-1					4				6
6.00			0	83	16	45	84						-1					4				8
7.00			0	83	16	45	84						----				4				10

Replace erasure with: 1
Syndrome: 17	34	79	68	53	31	59	9	121	106	25	62	36	118	
MU				SIGMA(X)								DISCREPANCY			DEGREE			DIFFERENCE
-0.50			0										0					0				-1
0.00			0										17					0				0
1.00			0	17									63					1				1
2.00			0	17	46								126					2				2
3.00			0	17	115	80							46					3				3
4.00			0	17	69	52	93						-1					4				4
5.00			0	17	69	52	93						-1					4				6
6.00			0	17	69	52	93						-1					4				8
7.00			0	17	69	52	93						----				4				10

Est. Syndrome for "0": -1	-1	-1	-1	-1	-1	-1	-1	-1	-1	-1	-1	-1	-1	
Est. Syndrome for "1": -1	-1	-1	-1	-1	-1	-1	-1	-1	-1	-1	-1	-1	-1	
Est. codeword: 1001110111010011101011100110110011100100111001010000000000000000011101000100101010001010100010101000010100110111001000100111010


===============================================================================================================================
===============================================================================================================================



Received codeword: 0001100002111112211011110000111001110001101110001000000000000000100010011011111010010000011011001001001001101101011001110011011

Replace erasure with: 0
Syndrome: 61	122	102	117	33	77	88	107	125	66	-1	27	29	49	
MU				SIGMA(X)								DISCREPANCY			DEGREE			DIFFERENCE
-0.50			0										0					0				-1
0.00			0										61					0				0
1.00			0	61									34					1				1
2.00			0	61	100								53					2				2
3.00			0	61	78	80							13					3				3
4.00			0	61	122	102	60						-1					4				4
5.00			0	61	122	102	60						-1					4				6
6.00			0	61	122	102	60						-1					4				8
7.00			0	61	122	102	60						----				4				10

Replace erasure with: 1
Syndrome: 99	71	9	15	31	18	47	30	10	62	62	36	95	94	
MU				SIGMA(X)								DISCREPANCY			DEGREE			DIFFERENCE
-0.50			0										0					0				-1
0.00			0										99					0				0
1.00			0	99									20					1				1
2.00			0	99	48								98					2				2
3.00			0	99	47	50							-1					3				3
4.00			0	99	47	50							-1					3				5
5.00			0	99	47	50							-1					3				7
6.00			0	99	47	50							-1					3				9
7.00			0	99	47	50							----				3				11

Est. Syndrome for "0": -1	-1	-1	-1	-1	-1	-1	-1	-1	-1	-1	-1	-1	-1	
Est. Syndrome for "1": -1	-1	-1	-1	-1	-1	-1	-1	-1	-1	-1	-1	-1	-1	
Est. codeword: 0001100001111110100011110000111001110001101110001000000000000000100010011011111010010000011011001001001001101101011001110011011


===============================================================================================================================
===============================================================================================================================



Received codeword: 1110111111110111000000111000100010000001110101001000111110000000000101101011001110100100111010010101011000010111010111111111111

Replace erasure with: 0
Syndrome: 103	79	85	31	10	43	98	62	93	20	56	86	17	69	
MU				SIGMA(X)								DISCREPANCY			DEGREE			DIFFERENCE
-0.50			0										0					0				-1
0.00			0										103					0				0
1.00			0	103									54					1				1
2.00			0	103	78								82					2				2
3.00			0	103	73	4							35					3				3
4.00			0	103	76	114	31						47					4				4
5.00			0	103	91	18	11	16					-1					5				5
6.00			0	103	91	18	11	16					-1					5				7
7.00			0	103	91	18	11	16					----				5				9

Replace erasure with: 1
Syndrome: 103	79	85	31	10	43	98	62	93	20	56	86	17	69	
MU				SIGMA(X)								DISCREPANCY			DEGREE			DIFFERENCE
-0.50			0										0					0				-1
0.00			0										103					0				0
1.00			0	103									54					1				1
2.00			0	103	78								82					2				2
3.00			0	103	73	4							35					3				3
4.00			0	103	76	114	31						47					4				4
5.00			0	103	91	18	11	16					-1					5				5
6.00			0	103	91	18	11	16					-1					5				7
7.00			0	103	91	18	11	16					----				5				9

Est. Syndrome for "0": -1	-1	-1	-1	-1	-1	-1	-1	-1	-1	-1	-1	-1	-1	
Est. Syndrome for "1": -1	-1	-1	-1	-1	-1	-1	-1	-1	-1	-1	-1	-1	-1	
Est. codeword: 1110111111110111000000111000100010000001110101001000000000000000000101101011001110100100111010010101011000010111010111111111111


===============================================================================================================================
===============================================================================================================================



Received codeword: 0001001001111001011101101111100001111100101101001000000000000001001001110120101000100000011101110111011001111000111011100100011

Replace erasure with: 0
Syndrome: 91	55	97	110	90	67	75	93	25	53	101	7	4	23	
MU				SIGMA(X)								DISCREPANCY			DEGREE			DIFFERENCE
-0.50			0										0					0				-1
0.00			0										91					0				0
1.00			0	91									6					1				1
2.00			0	91	42								57					2				2
3.00			0	91	86	15							23					3				3
4.00			0	91	89	95	8						-1					4				4
5.00			0	91	89	95	8						-1					4				6
6.00			0	91	89	95	8						-1					4				8
7.00			0	91	89	95	8						----				4				10

Replace erasure with: 1
Syndrome: 16	32	30	64	18	60	77	1	39	36	88	120	21	27	
MU				SIGMA(X)								DISCREPANCY			DEGREE			DIFFERENCE
-0.50			0										0					0				-1
0.00			0										16					0				0
1.00			0	16									118					1				1
2.00			0	16	102								68					2				2
3.00			0	16	36	93							126					3				3
4.00			0	16	104	53	33						115					4				4
5.00			0	16	5	117	19	82					-1					5				5
6.00			0	16	5	117	19	82					-1					5				7
7.00			0	16	5	117	19	82					----				5				9

Est. Syndrome for "0": -1	-1	-1	-1	-1	-1	-1	-1	-1	-1	-1	-1	-1	-1	
Est. Syndrome for "1": -1	-1	-1	-1	-1	-1	-1	-1	-1	-1	-1	-1	-1	-1	
Est. codeword: 0001001001111001011101101111100001111100101101001000000000000000101111110100101000100000011101110111011001111000111011100100011


===============================================================================================================================
===============================================================================================================================



Received codeword: 0110111101001100011110101000110101110111111000010000000000000000111101010022122001101000001010101100101110110110101111111100100

Replace erasure with: 0
Syndrome: 31	62	59	124	72	118	79	121	33	17	76	109	100	31	
MU				SIGMA(X)								DISCREPANCY			DEGREE			DIFFERENCE
-0.50			0										0					0				-1
0.00			0										31					0				0
1.00			0	31									70					1				1
2.00			0	31	39								12					2				2
3.00			0	31	38	100							-1					3				3
4.00			0	31	38	100							-1					3				5
5.00			0	31	38	100							-1					3				7
6.00			0	31	38	100							-1					3				9
7.00			0	31	38	100							----				3				11

Replace erasure with: 1
Syndrome: 90	53	40	106	74	80	108	85	9	21	0	33	108	89	
MU				SIGMA(X)								DISCREPANCY			DEGREE			DIFFERENCE
-0.50			0										0					0				-1
0.00			0										90					0				0
1.00			0	90									72					1				1
2.00			0	90	109								84					2				2
3.00			0	90	108	102							-1					3				3
4.00			0	90	108	102							-1					3				5
5.00			0	90	108	102							-1					3				7
6.00			0	90	108	102							-1					3				9
7.00			0	90	108	102							----				3				11

Est. Syndrome for "0": -1	-1	-1	-1	-1	-1	-1	-1	-1	-1	-1	-1	-1	-1	
Est. Syndrome for "1": -1	-1	-1	-1	-1	-1	-1	-1	-1	-1	-1	-1	-1	-1	
Est. codeword: 0110111101001100011110101000110101110111111000010000000000000000111101010010010001101000001010101100101110110110101111111100100


===============================================================================================================================
===============================================================================================================================



Received codeword: 1010101100111000111111010101110011101010100011110000102011200000110010001001011111010010110100011101111001011111111001001001010

Replace erasure with: 0
Syndrome: 43	86	8	45	67	16	111	90	2	7	51	32	29	95	
MU				SIGMA(X)								DISCREPANCY			DEGREE			DIFFERENCE
-0.50			0										0					0				-1
0.00			0										43					0				0
1.00			0	43									16					1				1
2.00			0	43	100								11					2				2
3.00			0	43	41	38							-1					3				3
4.00			0	43	41	38							-1					3				5
5.00			0	43	41	38							-1					3				7
6.00			0	43	41	38							-1					3				9
7.00			0	43	41	38							----				3				11

Replace erasure with: 1
Syndrome: 37	74	34	21	56	68	70	42	88	112	60	9	69	13	
MU				SIGMA(X)								DISCREPANCY			DEGREE			DIFFERENCE
-0.50			0										0					0				-1
0.00			0										37					0				0
1.00			0	37									29					1				1
2.00			0	37	119								109					2				2
3.00			0	37	10	117							93					3				3
4.00			0	37	39	118	103						126					4				4
5.00			0	37	47	55	41	23					-1					5				5
6.00			0	37	47	55	41	23					-1					5				7
7.00			0	37	47	55	41	23					----				5				9

Est. Syndrome for "0": -1	-1	-1	-1	-1	-1	-1	-1	-1	-1	-1	-1	-1	-1	
Est. Syndrome for "1": -1	-1	-1	-1	-1	-1	-1	-1	-1	-1	-1	-1	-1	-1	
Est. codeword: 1010101100111000111111010101110011101010100011110000000000000000110010001001011111010010110100011101111001011111111001001001010


===============================================================================================================================
===============================================================================================================================



Received codeword: 1001010100000101100000110010001111101100000111001000000000000000100100100001011000011001111111000110111101100100101101010111100

Replace erasure with: 0
Syndrome: 68	9	107	18	89	87	107	36	32	51	52	47	70	87	
MU				SIGMA(X)								DISCREPANCY			DEGREE			DIFFERENCE
-0.50			0										0					0				-1
0.00			0										68					0				0
1.00			0	68									76					1				1
2.00			0	68	8								34					2				2
3.00			0	68	3	26							44					3				3
4.00			0	68	6	9	18						113					4				4
5.00			0	68	21	40	125	95					-1					5				5
6.00			0	68	21	40	125	95					-1					5				7
7.00			0	68	21	40	125	95					----				5				9

Replace erasure with: 1
Syndrome: 68	9	107	18	89	87	107	36	32	51	52	47	70	87	
MU				SIGMA(X)								DISCREPANCY			DEGREE			DIFFERENCE
-0.50			0										0					0				-1
0.00			0										68					0				0
1.00			0	68									76					1				1
2.00			0	68	8								34					2				2
3.00			0	68	3	26							44					3				3
4.00			0	68	6	9	18						113					4				4
5.00			0	68	21	40	125	95					-1					5				5
6.00			0	68	21	40	125	95					-1					5				7
7.00			0	68	21	40	125	95					----				5				9

Est. Syndrome for "0": -1	-1	-1	-1	-1	-1	-1	-1	-1	-1	-1	-1	-1	-1	
Est. Syndrome for "1": -1	-1	-1	-1	-1	-1	-1	-1	-1	-1	-1	-1	-1	-1	
Est. codeword: 1001010100000101111111110010001111101100000111001000000000000000100100100001011000011001111111000110111101100100101101010111100


===============================================================================================================================
===============================================================================================================================



Received codeword: 0101100110111010010002001001021110001011002101101000000000000000000110100111010001111101101001111111111010100000101010011010110

Replace erasure with: 0
Syndrome: 121	115	51	103	30	102	39	79	72	60	58	77	-1	78	
MU				SIGMA(X)								DISCREPANCY			DEGREE			DIFFERENCE
-0.50			0										0					0				-1
0.00			0										121					0				0
1.00			0	121									126					1				1
2.00			0	121	5								113					2				2
3.00			0	121	75	108							56					3				3
4.00			0	121	25	73	75						98					4				4
5.00			0	121	94	46	28	23					-1					5				5
6.00			0	121	94	46	28	23					-1					5				7
7.00			0	121	94	46	28	23					----				5				9

Replace erasure with: 1
Syndrome: 28	56	19	112	92	38	99	97	101	57	105	76	58	71	
MU				SIGMA(X)								DISCREPANCY			DEGREE			DIFFERENCE
-0.50			0										0					0				-1
0.00			0										28					0				0
1.00			0	28									86					1				1
2.00			0	28	58								-1					2				2
3.00			0	28	58								-1					2				4
4.00			0	28	58								-1					2				6
5.00			0	28	58								-1					2				8
6.00			0	28	58								-1					2				10
7.00			0	28	58								----				2				12

Est. Syndrome for "0": -1	-1	-1	-1	-1	-1	-1	-1	-1	-1	-1	-1	-1	-1	
Est. Syndrome for "1": -1	-1	-1	-1	-1	-1	-1	-1	-1	-1	-1	-1	-1	-1	
Est. codeword: 0101100110111010010001101001011110000011001101101000000000000000000110100111010001111101101001111111111010100000101010011010110


===============================================================================================================================
===============================================================================================================================



Received codeword: 1101011011011000001001110100100001010010112222200000000000000000101011001001111011110101111111010010001011000111100100000000111

Replace erasure with: 0
Syndrome: 53	106	114	85	52	101	96	43	92	104	19	75	45	65	
MU				SIGMA(X)								DISCREPANCY			DEGREE			DIFFERENCE
-0.50			0										0					0				-1
0.00			0										53					0				0
1.00			0	53									37					1				1
2.00			0	53	111								117					2				2
3.00			0	53	81	6							-1					3				3
4.00			0	53	81	6							-1					3				5
5.00			0	53	81	6							-1					3				7
6.00			0	53	81	6							-1					3				9
7.00			0	53	81	6							----				3				11

Replace erasure with: 1
Syndrome: 74	21	9	42	43	18	50	84	50	86	126	36	15	100	
MU				SIGMA(X)								DISCREPANCY			DEGREE			DIFFERENCE
-0.50			0										0					0				-1
0.00			0										74					0				0
1.00			0	74									34					1				1
2.00			0	74	87								-1					2				2
3.00			0	74	87								-1					2				4
4.00			0	74	87								-1					2				6
5.00			0	74	87								-1					2				8
6.00			0	74	87								-1					2				10
7.00			0	74	87								----				2				12

Est. Syndrome for "0": -1	-1	-1	-1	-1	-1	-1	-1	-1	-1	-1	-1	-1	-1	
Est. Syndrome for "1": -1	-1	-1	-1	-1	-1	-1	-1	-1	-1	-1	-1	-1	-1	
Est. codeword: 1101011011011000001001110100100001010010111001100000000000000000101011001001111011110101111111010010001011000111100100000000111


===============================================================================================================================
===============================================================================================================================



Received codeword: 1111000001011011101010011001101010001100111122111220000000000222220101100022200002101001201000020111110000110001100110001001011

Replace erasure with: 0
Syndrome: 33	66	69	5	72	11	56	10	54	17	96	22	0	112	
MU				SIGMA(X)								DISCREPANCY			DEGREE			DIFFERENCE
-0.50			0										0					0				-1
0.00			0										33					0				0
1.00			0	33									68					1				1
2.00			0	33	35								75					2				2
3.00			0	33	19	40							59					3				3
4.00			0	33	102	6	19						21					4				4
5.00			0	33	53	29	66	2					57					5				5
6.00			0	33	105	50	37	23	55				77					6				6
7.00			0	33	58	57	86	78	56	22			----				7				7

Replace erasure with: 1
Syndrome: 61	122	20	117	48	40	107	107	45	96	38	80	63	87	
MU				SIGMA(X)								DISCREPANCY			DEGREE			DIFFERENCE
-0.50			0										0					0				-1
0.00			0										61					0				0
1.00			0	61									69					1				1
2.00			0	61	8								18					2				2
3.00			0	61	30	10							18					3				3
4.00			0	61	126	104	8						66					4				4
5.00			0	61	35	59	117	58					6					5				5
6.00			0	61	11	76	33	50	75				-1					6				6
7.00			0	61	11	76	33	50	75				----				6				8

Est. Syndrome for "0": 97	67	33	7	126	66	33	14	121	125	92	5	81	66	
Est. Syndrome for "1": -1	-1	-1	-1	-1	-1	-1	-1	-1	-1	-1	-1	-1	-1	
Est. codeword: 1111000001011011101010011001101010001100111101111000000000000000110101100011100001101001101000010111110000110001100110001001011


===============================================================================================================================
===============================================================================================================================



Received codeword: 0001010110111011100010111010001101001111110011011000000111100001212001001010110010110010011010100001001010111101000010011010100

Replace erasure with: 0
Syndrome: 16	32	11	64	33	22	19	1	107	66	99	44	20	38	
MU				SIGMA(X)								DISCREPANCY			DEGREE			DIFFERENCE
-0.50			0										0					0				-1
0.00			0										16					0				0
1.00			0	16									21					1				1
2.00			0	16	5								35					2				2
3.00			0	16	49	30							46					3				3
4.00			0	16	96	34	16						112					4				4
5.00			0	16	65	19	0	96					58					5				5
6.00			0	16	59	1	80	3	89				82					6				6
7.00			0	16	15	58	124	24	91	120			----				7				7

Replace erasure with: 1
Syndrome: 68	9	33	18	15	66	126	36	16	30	57	5	66	125	
MU				SIGMA(X)								DISCREPANCY			DEGREE			DIFFERENCE
-0.50			0										0					0				-1
0.00			0										68					0				0
1.00			0	68									42					1				1
2.00			0	68	101								39					2				2
3.00			0	68	90	65							121					3				3
4.00			0	68	76	103	56						49					4				4
5.00			0	68	95	50	103	120					64					5				5
6.00			0	68	57	7	119	53	71				18					6				6
7.00			0	68	113	70	31	40	63	74			----				7				7

Est. Syndrome for "0": 3	6	113	12	95	99	109	24	96	63	50	71	16	91	
Est. Syndrome for "1": 33	66	90	5	61	53	79	10	69	122	99	106	52	31	
Est. codeword: Decoder failure: Some roots of ELP do not belong to GF[128] because number of errors > t (=7)


===============================================================================================================================
===============================================================================================================================



Received codeword: 0101000000000111110101000111001010110011001010011000000000100000000010001010100001101000101111000211101011101101000010011001100

Replace erasure with: 0
Syndrome: 117	107	79	87	62	31	41	47	67	124	30	62	8	82	
MU				SIGMA(X)								DISCREPANCY			DEGREE			DIFFERENCE
-0.50			0										0					0				-1
0.00			0										117					0				0
1.00			0	117									40					1				1
2.00			0	117	50								122					2				2
3.00			0	117	26	72							113					3				3
4.00			0	117	109	121	41						73					4				4
5.00			0	117	28	86	12	32					-1					5				5
6.00			0	117	28	86	12	32					-1					5				7
7.00			0	117	28	86	12	32					----				5				9

Replace erasure with: 1
Syndrome: 44	88	117	49	15	107	48	98	76	30	70	87	60	96	
MU				SIGMA(X)								DISCREPANCY			DEGREE			DIFFERENCE
-0.50			0										0					0				-1
0.00			0										44					0				0
1.00			0	44									53					1				1
2.00			0	44	9								6					2				2
3.00			0	44	104	124							59					3				3
4.00			0	44	20	87	62						-1					4				4
5.00			0	44	20	87	62						-1					4				6
6.00			0	44	20	87	62						-1					4				8
7.00			0	44	20	87	62						----				4				10

Est. Syndrome for "0": -1	-1	-1	-1	-1	-1	-1	-1	-1	-1	-1	-1	-1	-1	
Est. Syndrome for "1": -1	-1	-1	-1	-1	-1	-1	-1	-1	-1	-1	-1	-1	-1	
Est. codeword: 0101000000000111110101000111001010110011001010011000000000000000000010001110100011101000101111000111101010101101000010011001100


===============================================================================================================================
===============================================================================================================================



Received codeword: 1101010001110010000010011110000000100010000000111000000000000000200011000001000210001001111000002000001011001011010110101101110

Replace erasure with: 0
Syndrome: 75	23	72	46	1	17	110	92	117	2	33	34	14	93	
MU				SIGMA(X)								DISCREPANCY			DEGREE			DIFFERENCE
-0.50			0										0					0				-1
0.00			0										75					0				0
1.00			0	75									0					1				1
2.00			0	75	52								-1					2				2
3.00			0	75	52								-1					2				4
4.00			0	75	52								-1					2				6
5.00			0	75	52								-1					2				8
6.00			0	75	52								-1					2				10
7.00			0	75	52								----				2				12

Replace erasure with: 1
Syndrome: 16	32	112	64	40	97	79	1	94	80	71	67	94	31	
MU				SIGMA(X)								DISCREPANCY			DEGREE			DIFFERENCE
-0.50			0										0					0				-1
0.00			0										16					0				0
1.00			0	16									0					1				1
2.00			0	16	111								52					2				2
3.00			0	16	6	68							50					3				3
4.00			0	16	119	121	109						19					4				4
5.00			0	16	85	29	105	37					-1					5				5
6.00			0	16	85	29	105	37					-1					5				7
7.00			0	16	85	29	105	37					----				5				9

Est. Syndrome for "0": -1	-1	-1	-1	-1	-1	-1	-1	-1	-1	-1	-1	-1	-1	
Est. Syndrome for "1": -1	-1	-1	-1	-1	-1	-1	-1	-1	-1	-1	-1	-1	-1	
Est. codeword: 1101010001110010000010011110000000100010000000111000000000000000000011000011000010001001111000000000001010001011010110101101110


===============================================================================================================================
===============================================================================================================================



Received codeword: 0100101011001011010111100101100010100111101100000000000000000000000000000100111000010111111101111111110011101001111010100100100

Replace erasure with: 0
Syndrome: 1	2	95	4	60	63	111	8	93	120	37	126	11	95	
MU				SIGMA(X)								DISCREPANCY			DEGREE			DIFFERENCE
-0.50			0										0					0				-1
0.00			0										1					0				0
1.00			0	1									86					1				1
2.00			0	1	85								99					2				2
3.00			0	1	111	14							115					3				3
4.00			0	1	87	21	101						31					4				4
5.00			0	1	52	10	47	57					64					5				5
6.00			0	1	12	66	100	61	7				36					6				6
7.00			0	1	120	77	67	46	35	29			----				7				7

Replace erasure with: 1
Syndrome: 1	2	95	4	60	63	111	8	93	120	37	126	11	95	
MU				SIGMA(X)								DISCREPANCY			DEGREE			DIFFERENCE
-0.50			0										0					0				-1
0.00			0										1					0				0
1.00			0	1									86					1				1
2.00			0	1	85								99					2				2
3.00			0	1	111	14							115					3				3
4.00			0	1	87	21	101						31					4				4
5.00			0	1	52	10	47	57					64					5				5
6.00			0	1	12	66	100	61	7				36					6				6
7.00			0	1	120	77	67	46	35	29			----				7				7

Est. Syndrome for "0": -1	-1	-1	-1	-1	-1	-1	-1	-1	-1	-1	-1	-1	-1	
Est. Syndrome for "1": -1	-1	-1	-1	-1	-1	-1	-1	-1	-1	-1	-1	-1	-1	
Est. codeword: 0100101011001011010111100101100010100111101101011000000000000000001111000100111000010111111101111111110011101001111010100100100


===============================================================================================================================
===============================================================================================================================



Received codeword: 0000010000011010001010000100001001001011111110010000000000000000011011111101010011110011111000100011001111110101101101100011111

Replace erasure with: 0
Syndrome: 33	66	20	5	28	40	32	10	73	56	46	80	23	64	
MU				SIGMA(X)								DISCREPANCY			DEGREE			DIFFERENCE
-0.50			0										0					0				-1
0.00			0										33					0				0
1.00			0	33									84					1				1
2.00			0	33	51								79					2				2
3.00			0	33	19	28							120					3				3
4.00			0	33	87	6	92						11					4				4
5.00			0	33	35	56	63	46					115					5				5
6.00			0	33	52	115	94	125	69				15					6				6
7.00			0	33	113	86	38	36	109	73			----				7				7

Replace erasure with: 1
Syndrome: 33	66	20	5	28	40	32	10	73	56	46	80	23	64	
MU				SIGMA(X)								DISCREPANCY			DEGREE			DIFFERENCE
-0.50			0										0					0				-1
0.00			0										33					0				0
1.00			0	33									84					1				1
2.00			0	33	51								79					2				2
3.00			0	33	19	28							120					3				3
4.00			0	33	87	6	92						11					4				4
5.00			0	33	35	56	63	46					115					5				5
6.00			0	33	52	115	94	125	69				15					6				6
7.00			0	33	113	86	38	36	109	73			----				7				7

Est. Syndrome for "0": -1	-1	-1	-1	-1	-1	-1	-1	-1	-1	-1	-1	-1	-1	
Est. Syndrome for "1": -1	-1	-1	-1	-1	-1	-1	-1	-1	-1	-1	-1	-1	-1	
Est. codeword: 0000010000011010001010000100001001001011111110010000000000000000111001111100010001110011110000100011101101110101101101100011111


===============================================================================================================================
===============================================================================================================================



Received codeword: 0110101000101011010000110100001100000010000100000000010000001000100001010101100111111101010010010011100000101011010001101110100

Replace erasure with: 0
Syndrome: 82	37	97	74	33	67	37	21	17	66	121	7	36	74	
MU				SIGMA(X)								DISCREPANCY			DEGREE			DIFFERENCE
-0.50			0										0					0				-1
0.00			0										82					0				0
1.00			0	82									38					1				1
2.00			0	82	83								16					2				2
3.00			0	82	24	60							9					3				3
4.00			0	82	121	123	76						97					4				4
5.00			0	82	45	85	125	21					80					5				5
6.00			0	82	112	12	17	59	59				101					6				6
7.00			0	82	34	25	53	21	40	42			----				7				7

Replace erasure with: 1
Syndrome: 82	37	97	74	33	67	37	21	17	66	121	7	36	74	
MU				SIGMA(X)								DISCREPANCY			DEGREE			DIFFERENCE
-0.50			0										0					0				-1
0.00			0										82					0				0
1.00			0	82									38					1				1
2.00			0	82	83								16					2				2
3.00			0	82	24	60							9					3				3
4.00			0	82	121	123	76						97					4				4
5.00			0	82	45	85	125	21					80					5				5
6.00			0	82	112	12	17	59	59				101					6				6
7.00			0	82	34	25	53	21	40	42			----				7				7

Est. Syndrome for "0": 100	73	73	19	59	19	74	38	40	118	66	38	99	21	
Est. Syndrome for "1": 100	73	73	19	59	19	74	38	40	118	66	38	99	21	
Est. codeword: Decoder failure: Some roots of ELP do not belong to GF[128] because number of errors > t (=7)


===============================================================================================================================
===============================================================================================================================



Received codeword: 0010111011110111010100111011010100111101010001100010000000000000001011010011110010111001100100000010110010100100101110000011000

Replace erasure with: 0
Syndrome: 60	120	57	113	104	114	103	99	76	81	21	101	10	79	
MU				SIGMA(X)								DISCREPANCY			DEGREE			DIFFERENCE
-0.50			0										0					0				-1
0.00			0										60					0				0
1.00			0	60									50					1				1
2.00			0	60	117								67					2				2
3.00			0	60	107	77							47					3				3
4.00			0	60	-1	50	97						55					4				4
5.00			0	60	8	11	58	85					53					5				5
6.00			0	60	35	100	58	58	95				93					6				6
7.00			0	60	117	-1	85	54	102	125			----				7				7

Replace erasure with: 1
Syndrome: 60	120	57	113	104	114	103	99	76	81	21	101	10	79	
MU				SIGMA(X)								DISCREPANCY			DEGREE			DIFFERENCE
-0.50			0										0					0				-1
0.00			0										60					0				0
1.00			0	60									50					1				1
2.00			0	60	117								67					2				2
3.00			0	60	107	77							47					3				3
4.00			0	60	-1	50	97						55					4				4
5.00			0	60	8	11	58	85					53					5				5
6.00			0	60	35	100	58	58	95				93					6				6
7.00			0	60	117	-1	85	54	102	125			----				7				7

Est. Syndrome for "0": -1	-1	-1	-1	-1	-1	-1	-1	-1	-1	-1	-1	-1	-1	
Est. Syndrome for "1": -1	-1	-1	-1	-1	-1	-1	-1	-1	-1	-1	-1	-1	-1	
Est. codeword: 0011111111110111000100111111010100111101010001100000000000000000001011110011110000111001100100000010110010100100101110000011000


===============================================================================================================================
===============================================================================================================================



Received codeword: 2000010011011111001110001110101011111100111101211001001100210000020010011000101111001000111010001111100010010100110110100100011

Replace erasure with: 0
Syndrome: 108	89	69	51	47	11	46	102	40	94	68	22	104	92	
MU				SIGMA(X)								DISCREPANCY			DEGREE			DIFFERENCE
-0.50			0										0					0				-1
0.00			0										108					0				0
1.00			0	108									100					1				1
2.00			0	108	119								72					2				2
3.00			0	108	46	80							36					3				3
4.00			0	108	96	66	83						63					4				4
5.00			0	108	44	83	110	107					7					5				5
6.00			0	108	34	53	22	106	27				51					6				6
7.00			0	108	71	37	63	19	-1	24			----				7				7

Replace erasure with: 1
Syndrome: 28	56	27	112	49	54	3	97	103	98	22	108	88	6	
MU				SIGMA(X)								DISCREPANCY			DEGREE			DIFFERENCE
-0.50			0										0					0				-1
0.00			0										28					0				0
1.00			0	28									66					1				1
2.00			0	28	38								69					2				2
3.00			0	28	121	31							108					3				3
4.00			0	28	44	80	77						68					4				4
5.00			0	28	120	71	74	118					22					5				5
6.00			0	28	11	29	41	67	31				84					6				6
7.00			0	28	105	4	47	108	77	53			----				7				7

Est. Syndrome for "0": 35	70	91	13	75	55	48	26	67	23	102	110	33	96	
Est. Syndrome for "1": -1	-1	-1	-1	-1	-1	-1	-1	-1	-1	-1	-1	-1	-1	
Est. codeword: 1000010011011111001110001110101011111100111101111000000000000000010010011000111101001000111010001111100010010100110110100100011


===============================================================================================================================
===============================================================================================================================



Received codeword: 1020102010021110020101112111021101121201011001121000110001101000121001000010001121000110101102100001102010111020000102110111010

Replace erasure with: 0
Syndrome: 33	66	9	5	22	18	85	10	87	44	13	36	68	43	
MU				SIGMA(X)								DISCREPANCY			DEGREE			DIFFERENCE
-0.50			0										0					0				-1
0.00			0										33					0				0
1.00			0	33									109					1				1
2.00			0	33	76								68					2				2
3.00			0	33	113	119							32					3				3
4.00			0	33	32	74	40						9					4				4
5.00			0	33	3	89	85	96					22					5				5
6.00			0	33	40	122	66	4	53				103					6				6
7.00			0	33	106	108	27	61	45	50			----				7				7

Replace erasure with: 1
Syndrome: 23	46	63	92	10	126	122	57	2	20	61	125	41	117	
MU				SIGMA(X)								DISCREPANCY			DEGREE			DIFFERENCE
-0.50			0										0					0				-1
0.00			0										23					0				0
1.00			0	23									77					1				1
2.00			0	23	54								31					2				2
3.00			0	23	44	104							67					3				3
4.00			0	23	30	109	90						62					4				4
5.00			0	23	113	31	6	99					77					5				5
6.00			0	23	87	34	63	58	105				87					6				6
7.00			0	23	5	64	61	110	63	109			----				7				7

Est. Syndrome for "0": -1	-1	-1	-1	-1	-1	-1	-1	-1	-1	-1	-1	-1	-1	
Est. Syndrome for "1": 99	71	57	15	51	114	20	30	35	102	60	101	67	40	
Est. codeword: 1000100010011110000101111111011101111001011001111000110001101000111001000010001101000110101101100001100010111000000100110111010


===============================================================================================================================
===============================================================================================================================



Received codeword: 2201120011100210010022211010111110201000021111110200010021000020100001211011011201002000100102011010111012102111010110101010101

Replace erasure with: 0
Syndrome: 108	89	11	51	35	22	10	102	73	70	126	44	119	20	
MU				SIGMA(X)								DISCREPANCY			DEGREE			DIFFERENCE
-0.50			0										0					0				-1
0.00			0										108					0				0
1.00			0	108									92					1				1
2.00			0	108	111								4					2				2
3.00			0	108	10	20							57					3				3
4.00			0	108	86	26	37						37					4				4
5.00			0	108	126	28	79	0					14					5				5
6.00			0	108	45	67	51	7	14				116					6				6
7.00			0	108	84	55	96	0	35	102			----				7				7

Replace erasure with: 1
Syndrome: 65	3	56	6	40	112	89	12	115	80	22	97	36	51	
MU				SIGMA(X)								DISCREPANCY			DEGREE			DIFFERENCE
-0.50			0										0					0				-1
0.00			0										65					0				0
1.00			0	65									84					1				1
2.00			0	65	19								52					2				2
3.00			0	65	62	33							0					3				3
4.00			0	65	26	87	94						81					4				4
5.00			0	65	52	41	3	114					77					5				5
6.00			0	65	20	115	109	84	90				16					6				6
7.00			0	65	125	103	26	73	109	53			----				7				7

Est. Syndrome for "0": -1	-1	-1	-1	-1	-1	-1	-1	-1	-1	-1	-1	-1	-1	
Est. Syndrome for "1": 65	3	56	6	40	112	89	12	115	80	22	97	36	51	
Est. codeword: 1001110011100010010011011010111110101000001111110000010001000000100001111011011101000000100100011010111010100111010110101010101


===============================================================================================================================
===============================================================================================================================



Received codeword: 1100100200010111001000111011010110001100001111101101000000000000011101000101101011001010100010100000010100110110001000100111010

Replace erasure with: 0
Syndrome: 98	69	33	11	52	66	49	22	126	104	43	5	62	98	
MU				SIGMA(X)								DISCREPANCY			DEGREE			DIFFERENCE
-0.50			0										0					0				-1
0.00			0										98					0				0
1.00			0	98									36					1				1
2.00			0	98	65								94					2				2
3.00			0	98	61	29							77					3				3
4.00			0	98	97	12	48						7					4				4
5.00			0	98	78	0	30	86					21					5				5
6.00			0	98	93	48	89	24	62				67					6				6
7.00			0	98	8	18	80	92	68	5			----				7				7

Replace erasure with: 1
Syndrome: 20	40	49	80	104	98	-1	33	78	81	54	69	36	-1	
MU				SIGMA(X)								DISCREPANCY			DEGREE			DIFFERENCE
-0.50			0										0					0				-1
0.00			0										20					0				0
1.00			0	20									83					1				1
2.00			0	20	63								33					2				2
3.00			0	20	69	97							101					3				3
4.00			0	20	99	5	4						117					4				4
5.00			0	20	108	6	63	113					96					5				5
6.00			0	20	41	2	126	46	110				115					6				6
7.00			0	20	87	12	30	65	94	5			----				7				7

Est. Syndrome for "0": 4	8	115	16	22	103	54	32	15	44	23	79	23	108	
Est. Syndrome for "1": 94	61	88	122	40	49	39	117	3	80	75	98	64	78	
Est. codeword: Decoder failure: Some roots of ELP do not belong to GF[128] because number of errors > t (=7)


===============================================================================================================================
===============================================================================================================================



Received codeword: 1100100200011001101101011100001111010000011000100000000100000000100010011011111010010000011011001001001001101101011001110011011

Replace erasure with: 0
Syndrome: 66	5	6	10	35	12	22	20	71	70	86	24	41	44	
MU				SIGMA(X)								DISCREPANCY			DEGREE			DIFFERENCE
-0.50			0										0					0				-1
0.00			0										66					0				0
1.00			0	66									73					1				1
2.00			0	66	7								31					2				2
3.00			0	66	121	24							113					3				3
4.00			0	66	12	28	89						40					4				4
5.00			0	66	92	111	114	78					12					5				5
6.00			0	66	95	91	118	114	61				-1					6				6
7.00			0	66	95	91	118	114	61				----				6				8

Replace erasure with: 1
Syndrome: 88	49	69	98	-1	11	12	69	57	-1	121	22	86	24	
MU				SIGMA(X)								DISCREPANCY			DEGREE			DIFFERENCE
-0.50			0										0					0				-1
0.00			0										88					0				0
1.00			0	88									91					1				1
2.00			0	88	3								23					2				2
3.00			0	88	27	20							53					3				3
4.00			0	88	34	92	33						87					4				4
5.00			0	88	-1	91	45	54					-1					5				5
6.00			0	88	-1	91	45	54					-1					5				7
7.00			0	88	-1	91	45	54					----				5				9

Est. Syndrome for "0": -1	-1	-1	-1	-1	-1	-1	-1	-1	-1	-1	-1	-1	-1	
Est. Syndrome for "1": -1	-1	-1	-1	-1	-1	-1	-1	-1	-1	-1	-1	-1	-1	
Est. codeword: 1001100101011001100101001100001111010000011000100000000100000000100010011011111010010000011011001001001001101101011001110011011


===============================================================================================================================
===============================================================================================================================



Received codeword: 0101000000110001010010011010100101101000010011001000010001000011000101101011001111100100111010010101011000010111010111111111111

Replace erasure with: 0
Syndrome: 10	20	38	40	81	76	81	80	112	35	0	25	54	35	
MU				SIGMA(X)								DISCREPANCY			DEGREE			DIFFERENCE
-0.50			0										0					0				-1
0.00			0										10					0				0
1.00			0	10									24					1				1
2.00			0	10	14								82					2				2
3.00			0	10	23	68							103					3				3
4.00			0	10	83	41	35						106					4				4
5.00			0	10	45	25	70	71					52					5				5
6.00			0	10	57	100	95	20	108				95					6				6
7.00			0	10	49	15	91	5	63	114			----				7				7

Replace erasure with: 1
Syndrome: 10	20	38	40	81	76	81	80	112	35	0	25	54	35	
MU				SIGMA(X)								DISCREPANCY			DEGREE			DIFFERENCE
-0.50			0										0					0				-1
0.00			0										10					0				0
1.00			0	10									24					1				1
2.00			0	10	14								82					2				2
3.00			0	10	23	68							103					3				3
4.00			0	10	83	41	35						106					4				4
5.00			0	10	45	25	70	71					52					5				5
6.00			0	10	57	100	95	20	108				95					6				6
7.00			0	10	49	15	91	5	63	114			----				7				7

Est. Syndrome for "0": -1	-1	-1	-1	-1	-1	-1	-1	-1	-1	-1	-1	-1	-1	
Est. Syndrome for "1": -1	-1	-1	-1	-1	-1	-1	-1	-1	-1	-1	-1	-1	-1	
Est. codeword: 0101101000010000010010011010100101101000010011001000010001000000000101101011001110100100111010010101011000010111010111111111111


===============================================================================================================================
===============================================================================================================================



Received codeword: 0100000110100101101111101110111010000110011001101100010000010000101110010100101011100000011101110111011001111000111011100100011

Replace erasure with: 0
Syndrome: 119	111	52	95	115	104	101	63	104	103	114	81	83	75	
MU				SIGMA(X)								DISCREPANCY			DEGREE			DIFFERENCE
-0.50			0										0					0				-1
0.00			0										119					0				0
1.00			0	119									19					1				1
2.00			0	119	27								26					2				2
3.00			0	119	81	126							17					3				3
4.00			0	119	91	98	18						119					4				4
5.00			0	119	125	91	103	101					-1					5				5
6.00			0	119	125	91	103	101					-1					5				7
7.00			0	119	125	91	103	101					----				5				9

Replace erasure with: 1
Syndrome: 119	111	52	95	115	104	101	63	104	103	114	81	83	75	
MU				SIGMA(X)								DISCREPANCY			DEGREE			DIFFERENCE
-0.50			0										0					0				-1
0.00			0										119					0				0
1.00			0	119									19					1				1
2.00			0	119	27								26					2				2
3.00			0	119	81	126							17					3				3
4.00			0	119	91	98	18						119					4				4
5.00			0	119	125	91	103	101					-1					5				5
6.00			0	119	125	91	103	101					-1					5				7
7.00			0	119	125	91	103	101					----				5				9

Est. Syndrome for "0": -1	-1	-1	-1	-1	-1	-1	-1	-1	-1	-1	-1	-1	-1	
Est. Syndrome for "1": -1	-1	-1	-1	-1	-1	-1	-1	-1	-1	-1	-1	-1	-1	
Est. codeword: 0100000110100101101111101110111010000110011001101100010100010000101111110100101000100000011101110111011001111000111011100100011


===============================================================================================================================
===============================================================================================================================



Received codeword: 1000110100011101000001000000110001011110101001010000101101002100111101010010010201101000001010101100101110110110101111111100100

Replace erasure with: 0
Syndrome: 69	11	126	22	20	125	84	44	94	40	11	123	67	41	
MU				SIGMA(X)								DISCREPANCY			DEGREE			DIFFERENCE
-0.50			0										0					0				-1
0.00			0										69					0				0
1.00			0	69									58					1				1
2.00			0	69	116								-1					2				2
3.00			0	69	116								-1					2				4
4.00			0	69	116								-1					2				6
5.00			0	69	116								-1					2				8
6.00			0	69	116								-1					2				10
7.00			0	69	116								----				2				12

Replace erasure with: 1
Syndrome: 38	76	103	25	116	79	54	50	114	105	117	31	87	108	
MU				SIGMA(X)								DISCREPANCY			DEGREE			DIFFERENCE
-0.50			0										0					0				-1
0.00			0										38					0				0
1.00			0	38									10					1				1
2.00			0	38	99								50					2				2
3.00			0	38	121	78							79					3				3
4.00			0	38	112	101	1						-1					4				4
5.00			0	38	112	101	1						-1					4				6
6.00			0	38	112	101	1						-1					4				8
7.00			0	38	112	101	1						----				4				10

Est. Syndrome for "0": -1	-1	-1	-1	-1	-1	-1	-1	-1	-1	-1	-1	-1	-1	
Est. Syndrome for "1": -1	-1	-1	-1	-1	-1	-1	-1	-1	-1	-1	-1	-1	-1	
Est. codeword: 1000110100011101000001000000110001011110101001010000101001000000111101010010010001101000001010101100101110110110101111111100100


===============================================================================================================================
===============================================================================================================================



Received codeword: 1010101100111010111111010101110011111010100011110002100020002000110010001001011111010010110100011101111001011111111001001001010

Replace erasure with: 0
Syndrome: 114	101	41	75	58	82	112	23	26	116	88	37	37	97	
MU				SIGMA(X)								DISCREPANCY			DEGREE			DIFFERENCE
-0.50			0										0					0				-1
0.00			0										114					0				0
1.00			0	114									3					1				1
2.00			0	114	16								117					2				2
3.00			0	114	88	101							-1					3				3
4.00			0	114	88	101							-1					3				5
5.00			0	114	88	101							-1					3				7
6.00			0	114	88	101							-1					3				9
7.00			0	114	88	101							----				3				11

Replace erasure with: 1
Syndrome: 17	34	16	68	38	32	27	9	58	76	97	64	69	54	
MU				SIGMA(X)								DISCREPANCY			DEGREE			DIFFERENCE
-0.50			0										0					0				-1
0.00			0										17					0				0
1.00			0	17									7					1				1
2.00			0	17	117								14					2				2
3.00			0	17	59	24							32					3				3
4.00			0	17	84	58	8						124					4				4
5.00			0	17	78	25	123	116					3					5				5
6.00			0	17	104	85	47	47	14				-1					6				6
7.00			0	17	104	85	47	47	14				----				6				8

Est. Syndrome for "0": -1	-1	-1	-1	-1	-1	-1	-1	-1	-1	-1	-1	-1	-1	
Est. Syndrome for "1": -1	-1	-1	-1	-1	-1	-1	-1	-1	-1	-1	-1	-1	-1	
Est. codeword: 1010101100111000111111010101110011101010100011110000000000000000110010001001011111010010110100011101111001011111111001001001010


===============================================================================================================================
===============================================================================================================================



Received codeword: 0010011111110101101011101001111011010000100011101010100110001001100100102211010000011001111111000110111101100100101101010111100

Replace erasure with: 0
Syndrome: 117	107	68	87	82	9	36	47	35	37	41	18	83	72	
MU				SIGMA(X)								DISCREPANCY			DEGREE			DIFFERENCE
-0.50			0										0					0				-1
0.00			0										117					0				0
1.00			0	117									42					1				1
2.00			0	117	52								50					2				2
3.00			0	117	17	125							14					3				3
4.00			0	117	37	90	16						-1					4				4
5.00			0	117	37	90	16						-1					4				6
6.00			0	117	37	90	16						-1					4				8
7.00			0	117	37	90	16						----				4				10

Replace erasure with: 1
Syndrome: 109	91	80	55	101	33	9	110	103	75	30	66	109	18	
MU				SIGMA(X)								DISCREPANCY			DEGREE			DIFFERENCE
-0.50			0										0					0				-1
0.00			0										109					0				0
1.00			0	109									76					1				1
2.00			0	109	94								64					2				2
3.00			0	109	7	97							74					3				3
4.00			0	109	14	38	104						34					4				4
5.00			0	109	67	39	4	57					91					5				5
6.00			0	109	94	-1	69	15	34				-1					6				6
7.00			0	109	94	-1	69	15	34				----				6				8

Est. Syndrome for "0": -1	-1	-1	-1	-1	-1	-1	-1	-1	-1	-1	-1	-1	-1	
Est. Syndrome for "1": -1	-1	-1	-1	-1	-1	-1	-1	-1	-1	-1	-1	-1	-1	
Est. codeword: 0010011111110101101011101001111011010000100011101010100010001000100100100001011000011001111111000110111101100100101101010111100


===============================================================================================================================
===============================================================================================================================



Received codeword: 2011110010110111001000100111020011001110101000010012000102001000000110100111011001101101101001110111111010100000101010011010110

Replace erasure with: 0
Syndrome: 84	41	0	82	17	0	70	37	56	34	14	0	88	13	
MU				SIGMA(X)								DISCREPANCY			DEGREE			DIFFERENCE
-0.50			0										0					0				-1
0.00			0										84					0				0
1.00			0	84									60					1				1
2.00			0	84	103								46					2				2
3.00			0	84	13	70							77					3				3
4.00			0	84	101	120	7						72					4				4
5.00			0	84	14	18	38	65					-1					5				5
6.00			0	84	14	18	38	65					-1					5				7
7.00			0	84	14	18	38	65					----				5				9

Replace erasure with: 1
Syndrome: 83	39	77	78	48	27	22	29	19	96	90	54	51	44	
MU				SIGMA(X)								DISCREPANCY			DEGREE			DIFFERENCE
-0.50			0										0					0				-1
0.00			0										83					0				0
1.00			0	83									0					1				1
2.00			0	83	44								99					2				2
3.00			0	83	70	55							46					3				3
4.00			0	83	67	116	118						76					4				4
5.00			0	83	40	120	61	85					97					5				5
6.00			0	83	0	92	51	68	12				117					6				6
7.00			0	83	74	126	95	39	29	105			----				7				7

Est. Syndrome for "0": -1	-1	-1	-1	-1	-1	-1	-1	-1	-1	-1	-1	-1	-1	
Est. Syndrome for "1": -1	-1	90	-1	103	53	0	-1	8	79	78	106	105	0	
Est. codeword: 0011110010111111001000100111000011001110101000010000000100001000000110100111010001111101101001111111111010100000101010011010110


===============================================================================================================================
===============================================================================================================================



Received codeword: 2120111010010101011101101001001010001110100110011000100100001000101011001001111010110101111111010010001011000111100100000000111

Replace erasure with: 0
Syndrome: 89	51	-1	102	119	-1	69	77	60	111	79	-1	73	11	
MU				SIGMA(X)								DISCREPANCY			DEGREE			DIFFERENCE
-0.50			0										0					0				-1
0.00			0										89					0				0
1.00			0	89									13					1				1
2.00			0	89	51								90					2				2
3.00			0	89	106	39							115					3				3
4.00			0	89	84	97	76						69					4				4
5.00			0	89	88	23	48	120					116					5				5
6.00			0	89	113	15	13	49	123				-1					6				6
7.00			0	89	113	15	13	49	123				----				6				8

Replace erasure with: 1
Syndrome: 52	104	14	81	42	28	21	35	72	84	102	56	16	42	
MU				SIGMA(X)								DISCREPANCY			DEGREE			DIFFERENCE
-0.50			0										0					0				-1
0.00			0										52					0				0
1.00			0	52									77					1				1
2.00			0	52	25								27					2				2
3.00			0	52	8	2							78					3				3
4.00			0	52	84	31	76						26					4				4
5.00			0	52	119	1	79	77					53					5				5
6.00			0	52	110	115	55	37	103				112					6				6
7.00			0	52	26	108	48	26	94	9			----				7				7

Est. Syndrome for "0": -1	-1	-1	-1	-1	-1	-1	-1	-1	-1	-1	-1	-1	-1	
Est. Syndrome for "1": 52	104	14	81	42	28	21	35	72	84	102	56	16	42	
Est. codeword: 0100111010010111011101101001001000011110000110010000100100001000101011001001111011110101111111010010001011000111100100000000111


===============================================================================================================================
===============================================================================================================================



Received codeword: 0110010101010001011010011111000011110100000110001000010100111000110101100011120001101201100000010111110000110002110110001001011

Replace erasure with: 0
Syndrome: 52	104	68	81	54	9	120	35	29	108	51	18	85	113	
MU				SIGMA(X)								DISCREPANCY			DEGREE			DIFFERENCE
-0.50			0										0					0				-1
0.00			0										52					0				0
1.00			0	52									86					1				1
2.00			0	52	34								90					2				2
3.00			0	52	3	56							48					3				3
4.00			0	52	8	115	119						-1					4				4
5.00			0	52	8	115	119						-1					4				6
6.00			0	52	8	115	119						-1					4				8
7.00			0	52	8	115	119						----				4				10

Replace erasure with: 1
Syndrome: 73	19	50	38	111	100	69	76	110	95	43	73	37	11	
MU				SIGMA(X)								DISCREPANCY			DEGREE			DIFFERENCE
-0.50			0										0					0				-1
0.00			0										73					0				0
1.00			0	73									3					1				1
2.00			0	73	57								107					2				2
3.00			0	73	19	50							49					3				3
4.00			0	73	64	6	126						42					4				4
5.00			0	73	88	4	90	43					-1					5				5
6.00			0	73	88	4	90	43					-1					5				7
7.00			0	73	88	4	90	43					----				5				9

Est. Syndrome for "0": -1	-1	-1	-1	-1	-1	-1	-1	-1	-1	-1	-1	-1	-1	
Est. Syndrome for "1": -1	-1	-1	-1	-1	-1	-1	-1	-1	-1	-1	-1	-1	-1	
Est. codeword: 0110010101010001011010011111000011110100000110001000010100101000110101100011100001101001101000010111110000110001100110001001011


===============================================================================================================================
===============================================================================================================================



Received codeword: 1100010110001000011011000001011000110100110000110001111111111000111111011000110010110010011010100001001010111101000010011010100

Replace erasure with: 0
Syndrome: 57	114	58	101	11	116	3	75	0	22	124	105	29	6	
MU				SIGMA(X)								DISCREPANCY			DEGREE			DIFFERENCE
-0.50			0										0					0				-1
0.00			0										57					0				0
1.00			0	57									50					1				1
2.00			0	57	120								62					2				2
3.00			0	57	99	69							53					3				3
4.00			0	57	78	88	111						48					4				4
5.00			0	57	87	101	36	64					102					5				5
6.00			0	57	11	11	6	51	38				46					6				6
7.00			0	57	9	38	92	59	55	8			----				7				7

Replace erasure with: 1
Syndrome: 57	114	58	101	11	116	3	75	0	22	124	105	29	6	
MU				SIGMA(X)								DISCREPANCY			DEGREE			DIFFERENCE
-0.50			0										0					0				-1
0.00			0										57					0				0
1.00			0	57									50					1				1
2.00			0	57	120								62					2				2
3.00			0	57	99	69							53					3				3
4.00			0	57	78	88	111						48					4				4
5.00			0	57	87	101	36	64					102					5				5
6.00			0	57	11	11	6	51	38				46					6				6
7.00			0	57	9	38	92	59	55	8			----				7				7

Est. Syndrome for "0": -1	-1	-1	-1	-1	-1	-1	-1	-1	-1	-1	-1	-1	-1	
Est. Syndrome for "1": -1	-1	-1	-1	-1	-1	-1	-1	-1	-1	-1	-1	-1	-1	
Est. codeword: 1100010110001000011011000001011000110100110000110000100100010000111111011000110010110010011010100001001010111101000010011010100


===============================================================================================================================
===============================================================================================================================



Received codeword: 0010001011000101111010101010000001110100001011100001111111111101000010001110100011101000101111000111101010101101000010011001100

Replace erasure with: 0
Syndrome: 55	110	85	93	73	43	64	59	31	19	95	86	29	1	
MU				SIGMA(X)								DISCREPANCY			DEGREE			DIFFERENCE
-0.50			0										0					0				-1
0.00			0										55					0				0
1.00			0	55									0					1				1
2.00			0	55	72								59					2				2
3.00			0	55	23	114							71					3				3
4.00			0	55	46	29	84						123					4				4
5.00			0	55	60	16	119	39					89					5				5
6.00			0	55	17	98	66	4	50				12					6				6
7.00			0	55	101	101	75	6	36	89			----				7				7

Replace erasure with: 1
Syndrome: 55	110	85	93	73	43	64	59	31	19	95	86	29	1	
MU				SIGMA(X)								DISCREPANCY			DEGREE			DIFFERENCE
-0.50			0										0					0				-1
0.00			0										55					0				0
1.00			0	55									0					1				1
2.00			0	55	72								59					2				2
3.00			0	55	23	114							71					3				3
4.00			0	55	46	29	84						123					4				4
5.00			0	55	60	16	119	39					89					5				5
6.00			0	55	17	98	66	4	50				12					6				6
7.00			0	55	101	101	75	6	36	89			----				7				7

Est. Syndrome for "0": 55	110	85	93	73	43	64	59	31	19	95	86	29	1	
Est. Syndrome for "1": 55	110	85	93	73	43	64	59	31	19	95	86	29	1	
Est. codeword: Decoder failure: Some roots of ELP do not belong to GF[128] because number of errors > t (=7)


===============================================================================================================================
===============================================================================================================================



Received codeword: 0010000111001101001111100111101010111111100100110110101100010111000011000011000010001001111000000000001010001011010110101101110

Replace erasure with: 0
Syndrome: 7	14	41	28	124	82	55	56	33	121	108	37	60	110	
MU				SIGMA(X)								DISCREPANCY			DEGREE			DIFFERENCE
-0.50			0										0					0				-1
0.00			0										7					0				0
1.00			0	7									95					1				1
2.00			0	7	88								44					2				2
3.00			0	7	104	83							37					3				3
4.00			0	7	92	92	81						-1					4				4
5.00			0	7	92	92	81						-1					4				6
6.00			0	7	92	92	81						-1					4				8
7.00			0	7	92	92	81						----				4				10

Replace erasure with: 1
Syndrome: 7	14	41	28	124	82	55	56	33	121	108	37	60	110	
MU				SIGMA(X)								DISCREPANCY			DEGREE			DIFFERENCE
-0.50			0										0					0				-1
0.00			0										7					0				0
1.00			0	7									95					1				1
2.00			0	7	88								44					2				2
3.00			0	7	104	83							37					3				3
4.00			0	7	92	92	81						-1					4				4
5.00			0	7	92	92	81						-1					4				6
6.00			0	7	92	92	81						-1					4				8
7.00			0	7	92	92	81						----				4				10

Est. Syndrome for "0": -1	-1	-1	-1	-1	-1	-1	-1	-1	-1	-1	-1	-1	-1	
Est. Syndrome for "1": -1	-1	-1	-1	-1	-1	-1	-1	-1	-1	-1	-1	-1	-1	
Est. codeword: 0010000111001101001111100111101010111111100101111110100100010011000011000011000010001001111000000000001010001011010110101101110


===============================================================================================================================
===============================================================================================================================



Received codeword: 0011111011101000100101100111000111000101010110100110010100101010000111000100111010010111111101111111110011101001111010100100100

Replace erasure with: 0
Syndrome: 64	1	52	2	47	104	8	4	75	94	22	81	32	16	
MU				SIGMA(X)								DISCREPANCY			DEGREE			DIFFERENCE
-0.50			0										0					0				-1
0.00			0										64					0				0
1.00			0	64									16					1				1
2.00			0	64	79								72					2				2
3.00			0	64	45	120							122					3				3
4.00			0	64	0	1	2						68					4				4
5.00			0	64	53	45	25	66					108					5				5
6.00			0	64	4	126	88	0	42				-1					6				6
7.00			0	64	4	126	88	0	42				----				6				8

Replace erasure with: 1
Syndrome: 64	1	52	2	47	104	8	4	75	94	22	81	32	16	
MU				SIGMA(X)								DISCREPANCY			DEGREE			DIFFERENCE
-0.50			0										0					0				-1
0.00			0										64					0				0
1.00			0	64									16					1				1
2.00			0	64	79								72					2				2
3.00			0	64	45	120							122					3				3
4.00			0	64	0	1	2						68					4				4
5.00			0	64	53	45	25	66					108					5				5
6.00			0	64	4	126	88	0	42				-1					6				6
7.00			0	64	4	126	88	0	42				----				6				8

Est. Syndrome for "0": -1	-1	-1	-1	-1	-1	-1	-1	-1	-1	-1	-1	-1	-1	
Est. Syndrome for "1": -1	-1	-1	-1	-1	-1	-1	-1	-1	-1	-1	-1	-1	-1	
Est. codeword: 0011111011101000100101111111000111000101010110101110010000101010001111000100111000010111111101111111110011101001111010100100100


===============================================================================================================================
===============================================================================================================================



Received codeword: 0000100101011111101110020101001001110011111010010000110100100000111001101100010001110011110000100011101101110101101101100011111

Replace erasure with: 0
Syndrome: 13	26	82	52	45	37	94	104	54	90	42	74	2	61	
MU				SIGMA(X)								DISCREPANCY			DEGREE			DIFFERENCE
-0.50			0										0					0				-1
0.00			0										13					0				0
1.00			0	13									115					1				1
2.00			0	13	102								59					2				2
3.00			0	13	72	84							69					3				3
4.00			0	13	12	125	112						36					4				4
5.00			0	13	17	68	92	51					76					5				5
6.00			0	13	6	116	73	2	25				43					6				6
7.00			0	13	24	24	31	86	36	18			----				7				7

Replace erasure with: 1
Syndrome: 50	100	33	73	27	66	32	19	109	54	75	5	78	64	
MU				SIGMA(X)								DISCREPANCY			DEGREE			DIFFERENCE
-0.50			0										0					0				-1
0.00			0										50					0				0
1.00			0	50									60					1				1
2.00			0	50	10								102					2				2
3.00			0	50	113	92							76					3				3
4.00			0	50	2	46	111						1					4				4
5.00			0	50	47	70	91	17					12					5				5
6.00			0	50	60	105	0	38	122				-1					6				6
7.00			0	50	60	105	0	38	122				----				6				8

Est. Syndrome for "0": -1	-1	-1	-1	-1	-1	-1	-1	-1	-1	-1	-1	-1	-1	
Est. Syndrome for "1": -1	-1	-1	-1	-1	-1	-1	-1	-1	-1	-1	-1	-1	-1	
Est. codeword: 0000100101011111101110011111001001111111111010010000110000100000111001111100010001110011110000100011101101110101101101100011111


===============================================================================================================================
===============================================================================================================================



Received codeword: 1001000111101001010110101011011102110110111100001111100020211100100001010101100111111101010010010011100010101011010001111110101

Replace erasure with: 0
Syndrome: 124	121	8	115	116	16	46	103	38	105	6	32	76	92	
MU				SIGMA(X)								DISCREPANCY			DEGREE			DIFFERENCE
-0.50			0										0					0				-1
0.00			0										124					0				0
1.00			0	124									60					1				1
2.00			0	124	63								29					2				2
3.00			0	124	20	93							7					3				3
4.00			0	124	58	10	41						120					4				4
5.00			0	124	84	100	124	79					105					5				5
6.00			0	124	96	17	102	28	26				24					6				6
7.00			0	124	91	72	114	63	95	125			----				7				7

Replace erasure with: 1
Syndrome: 17	34	32	68	110	64	110	9	6	93	72	1	78	93	
MU				SIGMA(X)								DISCREPANCY			DEGREE			DIFFERENCE
-0.50			0										0					0				-1
0.00			0										17					0				0
1.00			0	17									11					1				1
2.00			0	17	121								114					2				2
3.00			0	17	64	120							115					3				3
4.00			0	17	16	79	122						13					4				4
5.00			0	17	60	52	46	18					64					5				5
6.00			0	17	95	40	86	66	46				107					6				6
7.00			0	17	26	114	28	40	122	61			----				7				7

Est. Syndrome for "0": 24	48	125	96	120	123	70	65	42	113	8	119	22	13	
Est. Syndrome for "1": 60	120	28	113	12	56	67	99	23	24	74	112	94	7	
Est. codeword: Decoder failure: Some roots of ELP do not belong to GF[128] because number of errors > t (=7)


===============================================================================================================================
===============================================================================================================================



Received codeword: 0000111000010101001001111101111010111101000010011000112221111112221011110011110000111001100100000010110010100100101110000011000

Replace erasure with: 0
Syndrome: 40	80	125	33	75	123	95	66	68	23	126	119	2	63	
MU				SIGMA(X)								DISCREPANCY			DEGREE			DIFFERENCE
-0.50			0										0					0				-1
0.00			0										40					0				0
1.00			0	40									75					1				1
2.00			0	40	35								94					2				2
3.00			0	40	7	59							52					3				3
4.00			0	40	121	100	120						98					4				4
5.00			0	40	104	92	118	105					81					5				5
6.00			0	40	118	40	110	24	103				-1					6				6
7.00			0	40	118	40	110	24	103				----				6				8

Replace erasure with: 1
Syndrome: 51	102	77	77	59	27	27	27	21	118	7	54	77	54	
MU				SIGMA(X)								DISCREPANCY			DEGREE			DIFFERENCE
-0.50			0										0					0				-1
0.00			0										51					0				0
1.00			0	51									120					1				1
2.00			0	51	69								58					2				2
3.00			0	51	62	116							66					3				3
4.00			0	51	115	98	77						116					4				4
5.00			0	51	117	105	68	39					100					5				5
6.00			0	51	125	17	69	115	61				69					6				6
7.00			0	51	70	24	11	13	93	8			----				7				7

Est. Syndrome for "0": -1	-1	-1	-1	-1	-1	-1	-1	-1	-1	-1	-1	-1	-1	
Est. Syndrome for "1": 51	102	77	77	59	27	27	27	21	118	7	54	77	54	
Est. codeword: 0000111000010101001001111101111010111101000010011000110000000000001011110011110000111001100100000010110010100100101110000011000


===============================================================================================================================
===============================================================================================================================



Received codeword: 1110111011101001101100100111110000101001101011101000111100122221110010211000111101001000111011001011100010010100110110100100010

Replace erasure with: 0
Syndrome: 20	40	36	80	34	72	26	33	69	68	124	17	20	52	
MU				SIGMA(X)								DISCREPANCY			DEGREE			DIFFERENCE
-0.50			0										0					0				-1
0.00			0										20					0				0
1.00			0	20									92					1				1
2.00			0	20	72								32					2				2
3.00			0	20	22	87							85					3				3
4.00			0	20	23	79	125						87					4				4
5.00			0	20	42	61	53	89					44					5				5
6.00			0	20	122	10	33	109	82				12					6				6
7.00			0	20	85	56	126	71	123	57			----				7				7

Replace erasure with: 1
Syndrome: 46	92	51	57	40	102	36	114	106	80	69	77	14	72	
MU				SIGMA(X)								DISCREPANCY			DEGREE			DIFFERENCE
-0.50			0										0					0				-1
0.00			0										46					0				0
1.00			0	46									32					1				1
2.00			0	46	113								125					2				2
3.00			0	46	40	12							63					3				3
4.00			0	46	126	123	51						85					4				4
5.00			0	46	115	94	85	34					64					5				5
6.00			0	46	23	42	32	56	30				100					6				6
7.00			0	46	114	63	18	76	43	70			----				7				7

Est. Syndrome for "0": 20	40	36	80	34	72	26	33	69	68	124	17	20	52	
Est. Syndrome for "1": 46	92	51	57	40	102	36	114	106	80	69	77	14	72	
Est. codeword: Decoder failure: Some roots of ELP do not belong to GF[128] because number of errors > t (=7)


===============================================================================================================================
===============================================================================================================================



